<?xml version="1.0" encoding="UTF-8"?>
<!-- Generated by org.testng.reporters.JUnitXMLReporter -->
<testsuite hostname="DESKTOP-0M1MH5T" ignored="0" name="searchTest" tests="8" failures="0" timestamp="2020-02-04T07:50:56 IST" time="161.502" errors="0">
  <testcase name="loginTest" time="77.386" classname="com.qa.linkedin.testcase.SearchDataDrivenTest"/>
  <testcase name="searchPeopleTest" time="8.973" classname="com.qa.linkedin.testcase.SearchDataDrivenTest"/>
  <testcase name="searchPeopleTest" time="8.576" classname="com.qa.linkedin.testcase.SearchDataDrivenTest"/>
  <testcase name="searchPeopleTest" time="9.377" classname="com.qa.linkedin.testcase.SearchDataDrivenTest"/>
  <testcase name="searchPeopleTest" time="8.502" classname="com.qa.linkedin.testcase.SearchDataDrivenTest"/>
  <testcase name="searchPeopleTest" time="8.039" classname="com.qa.linkedin.testcase.SearchDataDrivenTest"/>
  <testcase name="searchPeopleTest" time="7.437" classname="com.qa.linkedin.testcase.SearchDataDrivenTest"/>
  <testcase name="searchPeopleTest" time="8.604" classname="com.qa.linkedin.testcase.SearchDataDrivenTest"/>
</testsuite> <!-- searchTest -->
