<?xml version="1.0" encoding="UTF-8"?>
<testng-results skipped="0" failed="0" ignored="0" total="8" passed="8">
  <reporter-output>
  </reporter-output>
  <suite name="searchSuite" duration-ms="161502" started-at="2020-02-04T07:48:06 IST" finished-at="2020-02-04T07:50:48 IST">
    <groups>
    </groups>
    <test name="searchTest" duration-ms="161502" started-at="2020-02-04T07:48:06 IST" finished-at="2020-02-04T07:50:48 IST">
      <class name="com.qa.linkedin.testcase.SearchDataDrivenTest">
        <test-method status="PASS" signature="setup()[pri:0, instance:com.qa.linkedin.testcase.SearchDataDrivenTest@2b4a2ec7]" name="setup" is-config="true" duration-ms="49517" started-at="2020-02-04T07:47:17 IST" finished-at="2020-02-04T07:48:06 IST">
          <reporter-output>
          </reporter-output>
        </test-method> <!-- setup -->
        <test-method status="PASS" signature="initlizeObjects()[pri:0, instance:com.qa.linkedin.testcase.SearchDataDrivenTest@2b4a2ec7]" name="initlizeObjects" is-config="true" duration-ms="325" started-at="2020-02-04T07:48:06 IST" finished-at="2020-02-04T07:48:07 IST">
          <reporter-output>
          </reporter-output>
        </test-method> <!-- initlizeObjects -->
        <test-method status="PASS" signature="loginTest()[pri:0, instance:com.qa.linkedin.testcase.SearchDataDrivenTest@2b4a2ec7]" name="loginTest" duration-ms="77386" started-at="2020-02-04T07:48:07 IST" finished-at="2020-02-04T07:49:24 IST">
          <reporter-output>
          </reporter-output>
        </test-method> <!-- loginTest -->
        <test-method status="PASS" signature="searchPeopleTest(java.lang.String)[pri:0, instance:com.qa.linkedin.testcase.SearchDataDrivenTest@2b4a2ec7]" name="searchPeopleTest" duration-ms="8973" started-at="2020-02-04T07:49:39 IST" data-provider="searchData" depends-on-methods="com.qa.linkedin.testcase.SearchDataDrivenTest.loginTest" finished-at="2020-02-04T07:49:48 IST">
          <params>
            <param index="0">
              <value>
                <![CDATA[Ramesh]]>
              </value>
            </param>
          </params>
          <reporter-output>
          </reporter-output>
        </test-method> <!-- searchPeopleTest -->
        <test-method status="PASS" signature="searchPeopleTest(java.lang.String)[pri:0, instance:com.qa.linkedin.testcase.SearchDataDrivenTest@2b4a2ec7]" name="searchPeopleTest" duration-ms="8576" started-at="2020-02-04T07:49:48 IST" data-provider="searchData" depends-on-methods="com.qa.linkedin.testcase.SearchDataDrivenTest.loginTest" finished-at="2020-02-04T07:49:56 IST">
          <params>
            <param index="0">
              <value>
                <![CDATA[Rohini]]>
              </value>
            </param>
          </params>
          <reporter-output>
          </reporter-output>
        </test-method> <!-- searchPeopleTest -->
        <test-method status="PASS" signature="searchPeopleTest(java.lang.String)[pri:0, instance:com.qa.linkedin.testcase.SearchDataDrivenTest@2b4a2ec7]" name="searchPeopleTest" duration-ms="9377" started-at="2020-02-04T07:49:56 IST" data-provider="searchData" depends-on-methods="com.qa.linkedin.testcase.SearchDataDrivenTest.loginTest" finished-at="2020-02-04T07:50:06 IST">
          <params>
            <param index="0">
              <value>
                <![CDATA[Prakash]]>
              </value>
            </param>
          </params>
          <reporter-output>
          </reporter-output>
        </test-method> <!-- searchPeopleTest -->
        <test-method status="PASS" signature="searchPeopleTest(java.lang.String)[pri:0, instance:com.qa.linkedin.testcase.SearchDataDrivenTest@2b4a2ec7]" name="searchPeopleTest" duration-ms="8502" started-at="2020-02-04T07:50:06 IST" data-provider="searchData" depends-on-methods="com.qa.linkedin.testcase.SearchDataDrivenTest.loginTest" finished-at="2020-02-04T07:50:14 IST">
          <params>
            <param index="0">
              <value>
                <![CDATA[Meenakshi]]>
              </value>
            </param>
          </params>
          <reporter-output>
          </reporter-output>
        </test-method> <!-- searchPeopleTest -->
        <test-method status="PASS" signature="searchPeopleTest(java.lang.String)[pri:0, instance:com.qa.linkedin.testcase.SearchDataDrivenTest@2b4a2ec7]" name="searchPeopleTest" duration-ms="8039" started-at="2020-02-04T07:50:14 IST" data-provider="searchData" depends-on-methods="com.qa.linkedin.testcase.SearchDataDrivenTest.loginTest" finished-at="2020-02-04T07:50:22 IST">
          <params>
            <param index="0">
              <value>
                <![CDATA[Divya]]>
              </value>
            </param>
          </params>
          <reporter-output>
          </reporter-output>
        </test-method> <!-- searchPeopleTest -->
        <test-method status="PASS" signature="searchPeopleTest(java.lang.String)[pri:0, instance:com.qa.linkedin.testcase.SearchDataDrivenTest@2b4a2ec7]" name="searchPeopleTest" duration-ms="7437" started-at="2020-02-04T07:50:22 IST" data-provider="searchData" depends-on-methods="com.qa.linkedin.testcase.SearchDataDrivenTest.loginTest" finished-at="2020-02-04T07:50:29 IST">
          <params>
            <param index="0">
              <value>
                <![CDATA[Vasavi]]>
              </value>
            </param>
          </params>
          <reporter-output>
          </reporter-output>
        </test-method> <!-- searchPeopleTest -->
        <test-method status="PASS" signature="searchPeopleTest(java.lang.String)[pri:0, instance:com.qa.linkedin.testcase.SearchDataDrivenTest@2b4a2ec7]" name="searchPeopleTest" duration-ms="8604" started-at="2020-02-04T07:50:29 IST" data-provider="searchData" depends-on-methods="com.qa.linkedin.testcase.SearchDataDrivenTest.loginTest" finished-at="2020-02-04T07:50:38 IST">
          <params>
            <param index="0">
              <value>
                <![CDATA[Lavanya]]>
              </value>
            </param>
          </params>
          <reporter-output>
          </reporter-output>
        </test-method> <!-- searchPeopleTest -->
        <test-method status="PASS" signature="doLogOutTearDown()[pri:0, instance:com.qa.linkedin.testcase.SearchDataDrivenTest@2b4a2ec7]" name="doLogOutTearDown" is-config="true" duration-ms="9535" started-at="2020-02-04T07:50:38 IST" finished-at="2020-02-04T07:50:48 IST">
          <reporter-output>
          </reporter-output>
        </test-method> <!-- doLogOutTearDown -->
        <test-method status="PASS" signature="tearDown()[pri:0, instance:com.qa.linkedin.testcase.SearchDataDrivenTest@2b4a2ec7]" name="tearDown" is-config="true" duration-ms="2506" started-at="2020-02-04T07:51:07 IST" finished-at="2020-02-04T07:51:09 IST">
          <reporter-output>
          </reporter-output>
        </test-method> <!-- tearDown -->
      </class> <!-- com.qa.linkedin.testcase.SearchDataDrivenTest -->
    </test> <!-- searchTest -->
  </suite> <!-- searchSuite -->
</testng-results>
