<?xml version="1.0" encoding="UTF-8"?>
<!-- Generated by org.testng.reporters.JUnitXMLReporter -->
<testsuite hostname="DESKTOP-0M1MH5T" ignored="0" name="searchTest" tests="8" failures="0" timestamp="2020-01-31T08:40:32 IST" time="96.389" errors="0">
  <testcase name="loginTest" time="26.669" classname="com.qa.linkedin.testcase.SearchDataDrivenTest"/>
  <testcase name="searchPeopleTest" time="8.545" classname="com.qa.linkedin.testcase.SearchDataDrivenTest"/>
  <testcase name="searchPeopleTest" time="8.199" classname="com.qa.linkedin.testcase.SearchDataDrivenTest"/>
  <testcase name="searchPeopleTest" time="7.74" classname="com.qa.linkedin.testcase.SearchDataDrivenTest"/>
  <testcase name="searchPeopleTest" time="7.811" classname="com.qa.linkedin.testcase.SearchDataDrivenTest"/>
  <testcase name="searchPeopleTest" time="7.934" classname="com.qa.linkedin.testcase.SearchDataDrivenTest"/>
  <testcase name="searchPeopleTest" time="7.821" classname="com.qa.linkedin.testcase.SearchDataDrivenTest"/>
  <testcase name="searchPeopleTest" time="7.709" classname="com.qa.linkedin.testcase.SearchDataDrivenTest"/>
</testsuite> <!-- searchTest -->
