<?xml version="1.0" encoding="UTF-8"?>
<testsuite name="searchTest"
           tests="8"
           failures="0"
           errors="0"
           skipped="0"
           time="82.428">
  <properties />
  
  
            <testcase name="loginTest" time="26.669" classname="com.qa.linkedin.testcase.SearchDataDrivenTest" />
                <testcase name="searchPeopleTest" time="7.709" classname="com.qa.linkedin.testcase.SearchDataDrivenTest" />
                <testcase name="searchPeopleTest" time="7.934" classname="com.qa.linkedin.testcase.SearchDataDrivenTest" />
                <testcase name="searchPeopleTest" time="8.545" classname="com.qa.linkedin.testcase.SearchDataDrivenTest" />
                <testcase name="searchPeopleTest" time="7.811" classname="com.qa.linkedin.testcase.SearchDataDrivenTest" />
                <testcase name="searchPeopleTest" time="7.740" classname="com.qa.linkedin.testcase.SearchDataDrivenTest" />
                <testcase name="searchPeopleTest" time="8.199" classname="com.qa.linkedin.testcase.SearchDataDrivenTest" />
                <testcase name="searchPeopleTest" time="7.821" classname="com.qa.linkedin.testcase.SearchDataDrivenTest" />
      
</testsuite>
