<?xml version="1.0" encoding="UTF-8"?>
<testng-results skipped="0" failed="0" ignored="0" total="8" passed="8">
  <reporter-output>
  </reporter-output>
  <suite name="searchSuite" duration-ms="96389" started-at="2020-01-31T08:38:54 IST" finished-at="2020-01-31T08:40:30 IST">
    <groups>
    </groups>
    <test name="searchTest" duration-ms="96389" started-at="2020-01-31T08:38:54 IST" finished-at="2020-01-31T08:40:30 IST">
      <class name="com.qa.linkedin.testcase.SearchDataDrivenTest">
        <test-method status="PASS" signature="setup()[pri:0, instance:com.qa.linkedin.testcase.SearchDataDrivenTest@140e5a13]" name="setup" is-config="true" duration-ms="22306" started-at="2020-01-31T08:38:31 IST" finished-at="2020-01-31T08:38:54 IST">
          <reporter-output>
          </reporter-output>
        </test-method> <!-- setup -->
        <test-method status="PASS" signature="initlizeObjects()[pri:0, instance:com.qa.linkedin.testcase.SearchDataDrivenTest@140e5a13]" name="initlizeObjects" is-config="true" duration-ms="494" started-at="2020-01-31T08:38:54 IST" finished-at="2020-01-31T08:38:54 IST">
          <reporter-output>
          </reporter-output>
        </test-method> <!-- initlizeObjects -->
        <test-method status="PASS" signature="loginTest()[pri:0, instance:com.qa.linkedin.testcase.SearchDataDrivenTest@140e5a13]" name="loginTest" duration-ms="26669" started-at="2020-01-31T08:38:54 IST" finished-at="2020-01-31T08:39:21 IST">
          <reporter-output>
          </reporter-output>
        </test-method> <!-- loginTest -->
        <test-method status="PASS" signature="searchPeopleTest(java.lang.String)[pri:0, instance:com.qa.linkedin.testcase.SearchDataDrivenTest@140e5a13]" name="searchPeopleTest" duration-ms="8545" started-at="2020-01-31T08:39:28 IST" data-provider="searchData" depends-on-methods="com.qa.linkedin.testcase.SearchDataDrivenTest.loginTest" finished-at="2020-01-31T08:39:37 IST">
          <params>
            <param index="0">
              <value>
                <![CDATA[Ramesh]]>
              </value>
            </param>
          </params>
          <reporter-output>
          </reporter-output>
        </test-method> <!-- searchPeopleTest -->
        <test-method status="PASS" signature="searchPeopleTest(java.lang.String)[pri:0, instance:com.qa.linkedin.testcase.SearchDataDrivenTest@140e5a13]" name="searchPeopleTest" duration-ms="8199" started-at="2020-01-31T08:39:37 IST" data-provider="searchData" depends-on-methods="com.qa.linkedin.testcase.SearchDataDrivenTest.loginTest" finished-at="2020-01-31T08:39:45 IST">
          <params>
            <param index="0">
              <value>
                <![CDATA[Rohini]]>
              </value>
            </param>
          </params>
          <reporter-output>
          </reporter-output>
        </test-method> <!-- searchPeopleTest -->
        <test-method status="PASS" signature="searchPeopleTest(java.lang.String)[pri:0, instance:com.qa.linkedin.testcase.SearchDataDrivenTest@140e5a13]" name="searchPeopleTest" duration-ms="7740" started-at="2020-01-31T08:39:45 IST" data-provider="searchData" depends-on-methods="com.qa.linkedin.testcase.SearchDataDrivenTest.loginTest" finished-at="2020-01-31T08:39:53 IST">
          <params>
            <param index="0">
              <value>
                <![CDATA[Prakash]]>
              </value>
            </param>
          </params>
          <reporter-output>
          </reporter-output>
        </test-method> <!-- searchPeopleTest -->
        <test-method status="PASS" signature="searchPeopleTest(java.lang.String)[pri:0, instance:com.qa.linkedin.testcase.SearchDataDrivenTest@140e5a13]" name="searchPeopleTest" duration-ms="7811" started-at="2020-01-31T08:39:53 IST" data-provider="searchData" depends-on-methods="com.qa.linkedin.testcase.SearchDataDrivenTest.loginTest" finished-at="2020-01-31T08:40:01 IST">
          <params>
            <param index="0">
              <value>
                <![CDATA[Meenakshi]]>
              </value>
            </param>
          </params>
          <reporter-output>
          </reporter-output>
        </test-method> <!-- searchPeopleTest -->
        <test-method status="PASS" signature="searchPeopleTest(java.lang.String)[pri:0, instance:com.qa.linkedin.testcase.SearchDataDrivenTest@140e5a13]" name="searchPeopleTest" duration-ms="7934" started-at="2020-01-31T08:40:01 IST" data-provider="searchData" depends-on-methods="com.qa.linkedin.testcase.SearchDataDrivenTest.loginTest" finished-at="2020-01-31T08:40:09 IST">
          <params>
            <param index="0">
              <value>
                <![CDATA[Divya]]>
              </value>
            </param>
          </params>
          <reporter-output>
          </reporter-output>
        </test-method> <!-- searchPeopleTest -->
        <test-method status="PASS" signature="searchPeopleTest(java.lang.String)[pri:0, instance:com.qa.linkedin.testcase.SearchDataDrivenTest@140e5a13]" name="searchPeopleTest" duration-ms="7821" started-at="2020-01-31T08:40:09 IST" data-provider="searchData" depends-on-methods="com.qa.linkedin.testcase.SearchDataDrivenTest.loginTest" finished-at="2020-01-31T08:40:16 IST">
          <params>
            <param index="0">
              <value>
                <![CDATA[Vasavi]]>
              </value>
            </param>
          </params>
          <reporter-output>
          </reporter-output>
        </test-method> <!-- searchPeopleTest -->
        <test-method status="PASS" signature="searchPeopleTest(java.lang.String)[pri:0, instance:com.qa.linkedin.testcase.SearchDataDrivenTest@140e5a13]" name="searchPeopleTest" duration-ms="7709" started-at="2020-01-31T08:40:16 IST" data-provider="searchData" depends-on-methods="com.qa.linkedin.testcase.SearchDataDrivenTest.loginTest" finished-at="2020-01-31T08:40:24 IST">
          <params>
            <param index="0">
              <value>
                <![CDATA[Lavanya]]>
              </value>
            </param>
          </params>
          <reporter-output>
          </reporter-output>
        </test-method> <!-- searchPeopleTest -->
        <test-method status="PASS" signature="doLogOutTearDown()[pri:0, instance:com.qa.linkedin.testcase.SearchDataDrivenTest@140e5a13]" name="doLogOutTearDown" is-config="true" duration-ms="5746" started-at="2020-01-31T08:40:24 IST" finished-at="2020-01-31T08:40:30 IST">
          <reporter-output>
          </reporter-output>
        </test-method> <!-- doLogOutTearDown -->
        <test-method status="PASS" signature="tearDown()[pri:0, instance:com.qa.linkedin.testcase.SearchDataDrivenTest@140e5a13]" name="tearDown" is-config="true" duration-ms="1340" started-at="2020-01-31T08:40:32 IST" finished-at="2020-01-31T08:40:34 IST">
          <reporter-output>
          </reporter-output>
        </test-method> <!-- tearDown -->
      </class> <!-- com.qa.linkedin.testcase.SearchDataDrivenTest -->
    </test> <!-- searchTest -->
  </suite> <!-- searchSuite -->
</testng-results>
